0 info it worked if it ends with ok
1 verbose cli [ '/usr/local/bin/node', '/usr/local/bin/npm', 'publish', './' ]
2 info using npm@2.14.4
3 info using node@v4.1.2
4 verbose publish [ './' ]
5 silly cache add args [ './', null ]
6 verbose cache add spec ./
7 silly cache add parsed spec Result {
7 silly cache add   raw: './',
7 silly cache add   scope: null,
7 silly cache add   name: null,
7 silly cache add   rawSpec: './',
7 silly cache add   spec: '/Users/charlesanthonybrowne/JSONify',
7 silly cache add   type: 'directory' }
8 verbose addLocalDirectory /Users/charlesanthonybrowne/.npm/jsonify/1.0.0/package.tgz not in flight; packing
9 verbose tar pack [ '/Users/charlesanthonybrowne/.npm/jsonify/1.0.0/package.tgz',
9 verbose tar pack   '/Users/charlesanthonybrowne/JSONify' ]
10 verbose tarball /Users/charlesanthonybrowne/.npm/jsonify/1.0.0/package.tgz
11 verbose folder /Users/charlesanthonybrowne/JSONify
12 info prepublish jsonify@1.0.0
13 verbose addLocalTarball adding from inside cache /Users/charlesanthonybrowne/.npm/jsonify/1.0.0/package.tgz
14 silly cache afterAdd jsonify@1.0.0
15 verbose afterAdd /Users/charlesanthonybrowne/.npm/jsonify/1.0.0/package/package.json not in flight; writing
16 verbose afterAdd /Users/charlesanthonybrowne/.npm/jsonify/1.0.0/package/package.json written
17 silly publish { name: 'jsonify',
17 silly publish   version: '1.0.0',
17 silly publish   description: '',
17 silly publish   main: 'index.js',
17 silly publish   scripts: { test: 'echo "Error: no test specified" && exit 1' },
17 silly publish   repository:
17 silly publish    { type: 'git',
17 silly publish      url: 'git+https://github.com/CharlesAnthonyBrowne/JSONify.git' },
17 silly publish   author:
17 silly publish    { name: 'Charles Browne',
17 silly publish      email: 'charles@charlesbrowne.io',
17 silly publish      url: 'http://charlesbrowne.io' },
17 silly publish   license: 'ISC',
17 silly publish   bugs: { url: 'https://github.com/CharlesAnthonyBrowne/JSONify/issues' },
17 silly publish   homepage: 'https://github.com/CharlesAnthonyBrowne/JSONify#readme',
17 silly publish   gitHead: '844cc9720e9f1057c49770757047c96ab438d560',
17 silly publish   readme: 'ERROR: No README data found!',
17 silly publish   _id: 'jsonify@1.0.0',
17 silly publish   _shasum: 'bfbca6bd161ddec6622d5d1af9d2b0af93a768f2',
17 silly publish   _from: '.' }
18 verbose getPublishConfig undefined
19 silly mapToRegistry name jsonify
20 silly mapToRegistry using default registry
21 silly mapToRegistry registry https://registry.npmjs.org/
22 silly mapToRegistry uri https://registry.npmjs.org/jsonify
23 verbose publish registryBase https://registry.npmjs.org/
24 silly publish uploading /Users/charlesanthonybrowne/.npm/jsonify/1.0.0/package.tgz
25 verbose request uri https://registry.npmjs.org/jsonify
26 verbose request sending authorization for write operation
27 info attempt registry request try #1 at 2:39:08 PM
28 verbose request using bearer token for auth
29 verbose request id 49032face8ba4908
30 http request PUT https://registry.npmjs.org/jsonify
31 http 403 https://registry.npmjs.org/jsonify
32 verbose headers { 'content-type': 'application/json',
32 verbose headers   'cache-control': 'max-age=60',
32 verbose headers   'content-length': '99',
32 verbose headers   'accept-ranges': 'bytes',
32 verbose headers   date: 'Sat, 07 Nov 2015 14:39:09 GMT',
32 verbose headers   via: '1.1 varnish',
32 verbose headers   connection: 'keep-alive',
32 verbose headers   'x-served-by': 'cache-ams4128-AMS',
32 verbose headers   'x-cache': 'MISS',
32 verbose headers   'x-cache-hits': '0',
32 verbose headers   'x-timer': 'S1446907148.743982,VS0,VE681' }
33 verbose request invalidating /Users/charlesanthonybrowne/.npm/registry.npmjs.org/jsonify on PUT
34 error publish Failed PUT 403
35 verbose stack Error: You do not have permission to publish 'jsonify'. Are you logged in as the correct user? : jsonify
35 verbose stack     at makeError (/usr/local/lib/node_modules/npm/node_modules/npm-registry-client/lib/request.js:263:12)
35 verbose stack     at CachingRegistryClient.<anonymous> (/usr/local/lib/node_modules/npm/node_modules/npm-registry-client/lib/request.js:251:14)
35 verbose stack     at Request._callback (/usr/local/lib/node_modules/npm/node_modules/npm-registry-client/lib/request.js:171:14)
35 verbose stack     at Request.self.callback (/usr/local/lib/node_modules/npm/node_modules/request/request.js:198:22)
35 verbose stack     at emitTwo (events.js:87:13)
35 verbose stack     at Request.emit (events.js:172:7)
35 verbose stack     at Request.<anonymous> (/usr/local/lib/node_modules/npm/node_modules/request/request.js:1073:14)
35 verbose stack     at emitOne (events.js:82:20)
35 verbose stack     at Request.emit (events.js:169:7)
35 verbose stack     at IncomingMessage.<anonymous> (/usr/local/lib/node_modules/npm/node_modules/request/request.js:1019:12)
36 verbose statusCode 403
37 verbose pkgid jsonify
38 verbose cwd /Users/charlesanthonybrowne/JSONify
39 error Darwin 15.0.0
40 error argv "/usr/local/bin/node" "/usr/local/bin/npm" "publish" "./"
41 error node v4.1.2
42 error npm  v2.14.4
43 error code E403
44 error You do not have permission to publish 'jsonify'. Are you logged in as the correct user? : jsonify
45 error If you need help, you may report this error at:
45 error     <https://github.com/npm/npm/issues>
46 verbose exit [ 1, true ]
